<?xml version="1.0" encoding="UTF-8"?>
<!-- Generated by org.testng.reporters.JUnitXMLReporter -->
<testsuite hostname="DESKTOP-MSQGFI6" ignored="0" name="Customerlistener" tests="5" failures="0" timestamp="2020-04-03T21:10:30 IST" time="3.238" errors="0">
  <testcase name="authenication" time="1.861" classname="com.customer.search.application.CustomersSearchApplication.CustomerTestCases"/>
  <testcase name="recordsOfAllCutomers" time="0.463" classname="com.customer.search.application.CustomersSearchApplication.CustomerTestCases"/>
  <testcase name="userWithPhoneNumber" time="0.289" classname="com.customer.search.application.CustomersSearchApplication.CustomerTestCases"/>
  <testcase name="userWithPhoneNumber" time="0.287" classname="com.customer.search.application.CustomersSearchApplication.CustomerTestCases"/>
  <testcase name="userWithPhoneNumber" time="0.296" classname="com.customer.search.application.CustomersSearchApplication.CustomerTestCases"/>
</testsuite> <!-- Customerlistener -->
