<?xml version="1.0" encoding="UTF-8"?>
<testng-results skipped="0" failed="0" ignored="0" total="5" passed="5">
  <reporter-output>
  </reporter-output>
  <suite name="Default suite" duration-ms="3145" started-at="2020-04-03T20:58:09 IST" finished-at="2020-04-03T20:58:12 IST">
    <groups>
    </groups>
    <test name="Default test" duration-ms="3145" started-at="2020-04-03T20:58:09 IST" finished-at="2020-04-03T20:58:12 IST">
      <class name="com.customer.search.application.CustomersSearchApplication.CustomerTestCases">
        <test-method status="PASS" signature="authenication()[pri:0, instance:com.customer.search.application.CustomersSearchApplication.CustomerTestCases@3d99d22e]" name="authenication" duration-ms="1803" started-at="2020-04-03T20:58:09 IST" finished-at="2020-04-03T20:58:11 IST">
          <reporter-output>
          </reporter-output>
        </test-method> <!-- authenication -->
        <test-method status="PASS" signature="recordsOfAllCutomers()[pri:0, instance:com.customer.search.application.CustomersSearchApplication.CustomerTestCases@3d99d22e]" name="recordsOfAllCutomers" duration-ms="476" started-at="2020-04-03T20:58:11 IST" finished-at="2020-04-03T20:58:12 IST">
          <reporter-output>
          </reporter-output>
        </test-method> <!-- recordsOfAllCutomers -->
        <test-method status="PASS" signature="userWithPhoneNumber(java.lang.String)[pri:0, instance:com.customer.search.application.CustomersSearchApplication.CustomerTestCases@3d99d22e]" name="userWithPhoneNumber" duration-ms="273" started-at="2020-04-03T20:58:12 IST" data-provider="PhoneNumber" finished-at="2020-04-03T20:58:12 IST">
          <params>
            <param index="0">
              <value>
                <![CDATA[8037602400]]>
              </value>
            </param>
          </params>
          <reporter-output>
          </reporter-output>
        </test-method> <!-- userWithPhoneNumber -->
        <test-method status="PASS" signature="userWithPhoneNumber(java.lang.String)[pri:0, instance:com.customer.search.application.CustomersSearchApplication.CustomerTestCases@3d99d22e]" name="userWithPhoneNumber" duration-ms="274" started-at="2020-04-03T20:58:12 IST" data-provider="PhoneNumber" finished-at="2020-04-03T20:58:12 IST">
          <params>
            <param index="0">
              <value>
                <![CDATA[9972939567]]>
              </value>
            </param>
          </params>
          <reporter-output>
          </reporter-output>
        </test-method> <!-- userWithPhoneNumber -->
        <test-method status="PASS" signature="userWithPhoneNumber(java.lang.String)[pri:0, instance:com.customer.search.application.CustomersSearchApplication.CustomerTestCases@3d99d22e]" name="userWithPhoneNumber" duration-ms="275" started-at="2020-04-03T20:58:12 IST" data-provider="PhoneNumber" finished-at="2020-04-03T20:58:12 IST">
          <params>
            <param index="0">
              <value>
                <![CDATA[9995879555]]>
              </value>
            </param>
          </params>
          <reporter-output>
          </reporter-output>
        </test-method> <!-- userWithPhoneNumber -->
      </class> <!-- com.customer.search.application.CustomersSearchApplication.CustomerTestCases -->
    </test> <!-- Default test -->
  </suite> <!-- Default suite -->
</testng-results>
